{"name": "test_create_with_empty_name_and_different_characters[chromium]", "status": "failed", "statusDetails": {"message": "AssertionError", "trace": "E   AssertionError"}, "attachments": [{"name": "log", "source": "11291fc4-e438-4d38-b09d-582780040a12-attachment.txt", "type": "text/plain"}, {"name": "stdout", "source": "45eebd08-eeea-4ae3-ba57-6c223b5bdb31-attachment.txt", "type": "text/plain"}, {"name": "stderr", "source": "21fb2bb4-b161-425c-8f84-0d32f892e995-attachment.txt", "type": "text/plain"}], "parameters": [{"name": "browser_name", "value": "'chromium'"}], "start": 1757587328429, "stop": 1757587378759, "uuid": "154ddfd8-362d-4783-9e0f-39818d55f1a8", "historyId": "776b4f8c05a86b5744fbc0555bf71280", "testCaseId": "200cb05633babf763f833311b8b6258d", "fullName": "tests.Automation_tests.test_VFD#test_create_with_empty_name_and_different_characters", "labels": [{"name": "feature", "value": "FD"}, {"name": "parentSuite", "value": "tests.Automation_tests"}, {"name": "suite", "value": "test_VFD"}, {"name": "host", "value": "TR-GKJF6LPM4P"}, {"name": "thread", "value": "88028-MainThread"}, {"name": "framework", "value": "pytest"}, {"name": "language", "value": "cpython3"}, {"name": "package", "value": "tests.Automation_tests.test_VFD"}]}