{"name": "test_distribution_history[chromium]", "status": "failed", "statusDetails": {"message": "AssertionError: Failed to find story 'AUSTRALIA-OPTUS/' in history page.", "trace": "E   AssertionError: Locator expected to be visible\n    Actual value: <element(s) not found> \n    Call log:\n    LocatorAssertions.to_be_visible with timeout 5000ms\n      - waiting for locator(\"text=\\\"AUSTRALIA-OPTUS/\\\"\")\n\nThe above exception was the direct cause of the following exception:\nE   AssertionError: Failed to find story 'AUSTRALIA-OPTUS/' in history page."}, "attachments": [{"name": "log", "source": "6d289d89-86ee-4aa2-ba65-2c940839d417-attachment.txt", "type": "text/plain"}, {"name": "stdout", "source": "1d12061e-1aa4-4c92-9d76-8876454dd0c6-attachment.txt", "type": "text/plain"}, {"name": "stderr", "source": "aa4625a9-0d4b-4ed8-90e6-9dd24679c4e7-attachment.txt", "type": "text/plain"}], "parameters": [{"name": "browser_name", "value": "'chromium'"}], "start": 1758517072595, "stop": 1758517175187, "uuid": "c3906bb7-dee3-42ee-8fd4-35dab5170802", "historyId": "ae818eedf9027076ac5f968ef82e5282", "testCaseId": "500796d15862b4c914eca89da2581a08", "fullName": "tests.Automation_tests.test_history#test_distribution_history", "labels": [{"name": "feature", "value": "History"}, {"name": "parentSuite", "value": "tests.Automation_tests"}, {"name": "suite", "value": "test_history"}, {"name": "host", "value": "TR-GKJF6LPM4P"}, {"name": "thread", "value": "62985-MainThread"}, {"name": "framework", "value": "pytest"}, {"name": "language", "value": "cpython3"}, {"name": "package", "value": "tests.Automation_tests.test_history"}]}