{"name": "test_distribution_history[chromium]", "status": "failed", "statusDetails": {"message": "AssertionError: Failed to find story 'SOCCER-TURKEY-GAL/OSIMHEN' in history page.", "trace": "E   AssertionError: Locator expected to be visible\n    Actual value: <element(s) not found> \n    Call log:\n    LocatorAssertions.to_be_visible with timeout 5000ms\n      - waiting for locator(\"text=\\\"SOCCER-TURKEY-GAL/OSIMHEN\\\"\")\n\nThe above exception was the direct cause of the following exception:\nE   AssertionError: Failed to find story 'SOCCER-TURKEY-GAL/OSIMHEN' in history page."}, "attachments": [{"name": "log", "source": "377485b7-18e2-4efb-bd71-676dbaf22a64-attachment.txt", "type": "text/plain"}, {"name": "stdout", "source": "f0dcde1f-5228-4b9c-9332-3437ffd3d5db-attachment.txt", "type": "text/plain"}, {"name": "stderr", "source": "d3500acd-3e19-4a97-8c04-32e8562f07d1-attachment.txt", "type": "text/plain"}], "parameters": [{"name": "browser_name", "value": "'chromium'"}], "start": 1754043322924, "stop": 1754043406300, "uuid": "d3431341-f5cb-492b-85a7-e2eb39efc4c2", "historyId": "ae818eedf9027076ac5f968ef82e5282", "testCaseId": "500796d15862b4c914eca89da2581a08", "fullName": "tests.Automation_tests.test_history#test_distribution_history", "labels": [{"name": "feature", "value": "History"}, {"name": "parentSuite", "value": "tests.Automation_tests"}, {"name": "suite", "value": "test_history"}, {"name": "host", "value": "TR-GKJF6LPM4P"}, {"name": "thread", "value": "48391-MainThread"}, {"name": "framework", "value": "pytest"}, {"name": "language", "value": "cpython3"}, {"name": "package", "value": "tests.Automation_tests.test_history"}]}