{"name": "test_create_with_empty_name_and_different_characters[chromium]", "status": "failed", "statusDetails": {"message": "AssertionError", "trace": "E   AssertionError"}, "attachments": [{"name": "log", "source": "adcff130-5903-47dd-936d-3b418e722526-attachment.txt", "type": "text/plain"}, {"name": "stderr", "source": "fea8d595-9e19-4f8e-86c9-3872aecd9f0c-attachment.txt", "type": "text/plain"}], "parameters": [{"name": "browser_name", "value": "'chromium'"}], "start": 1758014869438, "stop": 1758014898030, "uuid": "009bccfd-a33b-4e03-8910-90f1b18b88cf", "historyId": "776b4f8c05a86b5744fbc0555bf71280", "testCaseId": "200cb05633babf763f833311b8b6258d", "fullName": "tests.Automation_tests.test_VFD#test_create_with_empty_name_and_different_characters", "labels": [{"name": "feature", "value": "FD"}, {"name": "parentSuite", "value": "tests.Automation_tests"}, {"name": "suite", "value": "test_VFD"}, {"name": "host", "value": "TR-GKJF6LPM4P"}, {"name": "thread", "value": "27205-MainThread"}, {"name": "framework", "value": "pytest"}, {"name": "language", "value": "cpython3"}, {"name": "package", "value": "tests.Automation_tests.test_VFD"}]}