{"name": "test_distribution_history[chromium]", "status": "failed", "statusDetails": {"message": "AssertionError: Failed to find story 'AUSTRALIA-OPTUS/' in history page.", "trace": "E   AssertionError: Locator expected to be visible\n    Actual value: <element(s) not found> \n    Call log:\n    LocatorAssertions.to_be_visible with timeout 5000ms\n      - waiting for locator(\"text=\\\"AUSTRALIA-OPTUS/\\\"\")\n\nThe above exception was the direct cause of the following exception:\nE   AssertionError: Failed to find story 'AUSTRALIA-OPTUS/' in history page."}, "attachments": [{"name": "log", "source": "b788b182-cc6c-45d0-ba84-40deb12aa364-attachment.txt", "type": "text/plain"}, {"name": "stdout", "source": "ba54d036-9624-457e-9a2d-8189001a0407-attachment.txt", "type": "text/plain"}, {"name": "stderr", "source": "dd97b6bf-a23d-45ea-9f53-3bc87a03e787-attachment.txt", "type": "text/plain"}], "parameters": [{"name": "browser_name", "value": "'chromium'"}], "start": 1758517219892, "stop": 1758517322734, "uuid": "fa4b58ec-296b-42a9-bbb9-6dc8f1718080", "historyId": "ae818eedf9027076ac5f968ef82e5282", "testCaseId": "500796d15862b4c914eca89da2581a08", "fullName": "tests.Automation_tests.test_history#test_distribution_history", "labels": [{"name": "feature", "value": "History"}, {"name": "parentSuite", "value": "tests.Automation_tests"}, {"name": "suite", "value": "test_history"}, {"name": "host", "value": "TR-GKJF6LPM4P"}, {"name": "thread", "value": "63839-MainThread"}, {"name": "framework", "value": "pytest"}, {"name": "language", "value": "cpython3"}, {"name": "package", "value": "tests.Automation_tests.test_history"}]}