{"name": "test_distribution_history[chromium]", "status": "failed", "statusDetails": {"message": "AssertionError: Failed to find story 'INDIA-ECONOMY/RATES ' in history page.", "trace": "E   AssertionError: Locator expected to be visible\n    Actual value: <element(s) not found> \n    Call log:\n    LocatorAssertions.to_be_visible with timeout 5000ms\n      - waiting for locator(\"text=\\\"INDIA-ECONOMY/RATES \\\"\")\n\nThe above exception was the direct cause of the following exception:\nE   AssertionError: Failed to find story 'INDIA-ECONOMY/RATES ' in history page."}, "attachments": [{"name": "log", "source": "c8cd5e81-b75d-4116-9586-408449f88d26-attachment.txt", "type": "text/plain"}, {"name": "stderr", "source": "d1878c95-3304-451c-be8d-b4f10b3226e7-attachment.txt", "type": "text/plain"}], "parameters": [{"name": "browser_name", "value": "'chromium'"}], "start": 1749195722859, "stop": 1749195824748, "uuid": "303dbc73-3a79-45ab-9d02-f0f59188dfa4", "historyId": "ae818eedf9027076ac5f968ef82e5282", "testCaseId": "500796d15862b4c914eca89da2581a08", "fullName": "tests.Automation_tests.test_history#test_distribution_history", "labels": [{"name": "feature", "value": "History"}, {"name": "parentSuite", "value": "tests.Automation_tests"}, {"name": "suite", "value": "test_history"}, {"name": "host", "value": "TR-GKJF6LPM4P"}, {"name": "thread", "value": "24063-MainThread"}, {"name": "framework", "value": "pytest"}, {"name": "language", "value": "cpython3"}, {"name": "package", "value": "tests.Automation_tests.test_history"}]}