{"name": "test_create_with_empty_name_and_different_characters[chromium]", "status": "failed", "statusDetails": {"message": "AssertionError", "trace": "E   AssertionError"}, "attachments": [{"name": "log", "source": "32a1ebf1-b1a0-4e61-8131-a5f616b58565-attachment.txt", "type": "text/plain"}, {"name": "stderr", "source": "cb5880d1-83c1-43d3-a3d2-e2cd72585fdc-attachment.txt", "type": "text/plain"}], "parameters": [{"name": "browser_name", "value": "'chromium'"}], "start": 1758004611036, "stop": 1758004705258, "uuid": "a87e0a51-8e80-4dac-a559-94793cf21a62", "historyId": "776b4f8c05a86b5744fbc0555bf71280", "testCaseId": "200cb05633babf763f833311b8b6258d", "fullName": "tests.Automation_tests.test_VFD#test_create_with_empty_name_and_different_characters", "labels": [{"name": "feature", "value": "FD"}, {"name": "parentSuite", "value": "tests.Automation_tests"}, {"name": "suite", "value": "test_VFD"}, {"name": "host", "value": "TR-GKJF6LPM4P"}, {"name": "thread", "value": "5707-MainThread"}, {"name": "framework", "value": "pytest"}, {"name": "language", "value": "cpython3"}, {"name": "package", "value": "tests.Automation_tests.test_VFD"}]}