{"name": "test_create_with_empty_name_and_different_characters[chromium]", "status": "failed", "statusDetails": {"message": "AssertionError", "trace": "E   AssertionError"}, "attachments": [{"name": "log", "source": "6d24d28d-3399-4eb9-a2bc-5aeb3db46b8b-attachment.txt", "type": "text/plain"}, {"name": "stderr", "source": "ca413904-e58c-409e-88c5-7fec05b1ff8c-attachment.txt", "type": "text/plain"}], "parameters": [{"name": "browser_name", "value": "'chromium'"}], "start": 1758987518253, "stop": 1758987545754, "uuid": "f4289fd9-6fd8-4dfe-a0b8-936e6cb177a2", "historyId": "776b4f8c05a86b5744fbc0555bf71280", "testCaseId": "200cb05633babf763f833311b8b6258d", "fullName": "tests.Automation_tests.test_VFD#test_create_with_empty_name_and_different_characters", "labels": [{"name": "feature", "value": "FD"}, {"name": "parentSuite", "value": "tests.Automation_tests"}, {"name": "suite", "value": "test_VFD"}, {"name": "host", "value": "TR-GKJF6LPM4P"}, {"name": "thread", "value": "48130-MainThread"}, {"name": "framework", "value": "pytest"}, {"name": "language", "value": "cpython3"}, {"name": "package", "value": "tests.Automation_tests.test_VFD"}]}