{"name": "test_create_with_empty_name_and_different_characters[chromium]", "status": "failed", "statusDetails": {"message": "AssertionError", "trace": "E   AssertionError"}, "attachments": [{"name": "log", "source": "59d0e76a-2d6c-41b4-8474-33fa8fbbabaf-attachment.txt", "type": "text/plain"}, {"name": "stderr", "source": "3d94c2f7-a097-410b-b498-1825bcc79776-attachment.txt", "type": "text/plain"}], "parameters": [{"name": "browser_name", "value": "'chromium'"}], "start": 1749134257621, "stop": 1749134386335, "uuid": "445db911-41a2-4b24-b93a-981576e8cfa8", "historyId": "17911b9d71fd87bcee73807d9bf7c988", "testCaseId": "8b13c9046f73bbf9bd64ca30aef97837", "fullName": "tests.Automation_tests.tests_FD#test_create_with_empty_name_and_different_characters", "labels": [{"name": "parentSuite", "value": "tests.Automation_tests"}, {"name": "suite", "value": "tests_FD"}, {"name": "host", "value": "TR-GKJF6LPM4P"}, {"name": "thread", "value": "15133-MainThread"}, {"name": "framework", "value": "pytest"}, {"name": "language", "value": "cpython3"}, {"name": "package", "value": "tests.Automation_tests.tests_FD"}]}