{"name": "test_create_with_empty_name_and_different_characters[chromium]", "status": "failed", "statusDetails": {"message": "AssertionError", "trace": "E   AssertionError"}, "attachments": [{"name": "log", "source": "e97445c0-3641-4ddf-a7a2-62e81af38a9b-attachment.txt", "type": "text/plain"}, {"name": "stdout", "source": "34bab51b-f3f4-46df-b420-a30b70588905-attachment.txt", "type": "text/plain"}, {"name": "stderr", "source": "d2262b6f-b727-4b05-8c22-3954d7337755-attachment.txt", "type": "text/plain"}], "parameters": [{"name": "browser_name", "value": "'chromium'"}], "start": 1754040868905, "stop": 1754040946552, "uuid": "9f892fae-1c77-4ad2-9066-ed932771342c", "historyId": "db0e757c67703bf1ab051dea8fa19a58", "testCaseId": "0645bfb397b7a14bf6ec88133573776d", "fullName": "tests.Automation_tests.test_FD#test_create_with_empty_name_and_different_characters", "labels": [{"name": "feature", "value": "FD"}, {"name": "parentSuite", "value": "tests.Automation_tests"}, {"name": "suite", "value": "test_FD"}, {"name": "host", "value": "TR-GKJF6LPM4P"}, {"name": "thread", "value": "36809-MainThread"}, {"name": "framework", "value": "pytest"}, {"name": "language", "value": "cpython3"}, {"name": "package", "value": "tests.Automation_tests.test_FD"}]}