{"name": "test_playout_history[chromium]", "status": "failed", "statusDetails": {"message": "AssertionError: Failed to find story 'IRAQ-FARMERS/DATES-WATER' in history page.", "trace": "E   AssertionError: Locator expected to be visible\n    Actual value: <element(s) not found> \n    Call log:\n    LocatorAssertions.to_be_visible with timeout 5000ms\n      - waiting for locator(\"//div[@class=\\\"cell-text h4\\\" and text()=\\\"UKRAINE-CRISIS/BRITAIN-ARRIVALS\\\"]\")\n\nThe above exception was the direct cause of the following exception:\nE   AssertionError: Failed to find story 'IRAQ-FARMERS/DATES-WATER' in history page."}, "description": "\n    Tests the automatic file playout functionality.\n    Navigates to the admin playout page and selects 'fileplayout' and 'auto' options.\n    Verifies the addition of stories and checks logs.\n    Includes a negative scenario where it switches to 'manual' mode to ensure the automatic process is not active.\n    ", "attachments": [{"name": "log", "source": "4e5995cc-d285-460b-91ae-3f66568f833e-attachment.txt", "type": "text/plain"}, {"name": "stderr", "source": "d4a4b596-488c-4c93-9ed9-128552c3545d-attachment.txt", "type": "text/plain"}], "parameters": [{"name": "browser_name", "value": "'chromium'"}], "start": 1754306028024, "stop": 1754306100460, "uuid": "607054dd-e6d2-47be-9249-d5fcd3af43cd", "historyId": "3e70813435c75da9d5607c274fc0d000", "testCaseId": "ddb9b7e8ca80b0bbae397da8f3dfd804", "fullName": "tests.Automation_tests.test_history#test_playout_history", "labels": [{"name": "feature", "value": "History"}, {"name": "parentSuite", "value": "tests.Automation_tests"}, {"name": "suite", "value": "test_history"}, {"name": "host", "value": "TR-GKJF6LPM4P"}, {"name": "thread", "value": "83719-MainThread"}, {"name": "framework", "value": "pytest"}, {"name": "language", "value": "cpython3"}, {"name": "package", "value": "tests.Automation_tests.test_history"}]}