{"name": "test_distribution_history[chromium]", "status": "failed", "statusDetails": {"message": "AssertionError: Failed to find story 'AUSTRALIA-OPTUS/' in history page.", "trace": "E   AssertionError: Locator expected to be visible\n    Actual value: <element(s) not found> \n    Call log:\n    LocatorAssertions.to_be_visible with timeout 5000ms\n      - waiting for locator(\"text=\\\"AUSTRALIA-OPTUS/\\\"\")\n\nThe above exception was the direct cause of the following exception:\nE   AssertionError: Failed to find story 'AUSTRALIA-OPTUS/' in history page."}, "attachments": [{"name": "log", "source": "ca91a552-6896-4c33-9f39-e58633effdd6-attachment.txt", "type": "text/plain"}, {"name": "stdout", "source": "38fe58e9-5ea7-4706-a970-963ab1e190c2-attachment.txt", "type": "text/plain"}, {"name": "stderr", "source": "c1b10e86-037d-41fe-8ae9-7854466b892d-attachment.txt", "type": "text/plain"}], "parameters": [{"name": "browser_name", "value": "'chromium'"}], "start": 1758517371727, "stop": 1758517473920, "uuid": "70a77c45-ff81-4b5a-b086-c461e5fdfaed", "historyId": "ae818eedf9027076ac5f968ef82e5282", "testCaseId": "500796d15862b4c914eca89da2581a08", "fullName": "tests.Automation_tests.test_history#test_distribution_history", "labels": [{"name": "feature", "value": "History"}, {"name": "parentSuite", "value": "tests.Automation_tests"}, {"name": "suite", "value": "test_history"}, {"name": "host", "value": "TR-GKJF6LPM4P"}, {"name": "thread", "value": "64619-MainThread"}, {"name": "framework", "value": "pytest"}, {"name": "language", "value": "cpython3"}, {"name": "package", "value": "tests.Automation_tests.test_history"}]}