{"name": "test_playout_history[chromium]", "status": "failed", "statusDetails": {"message": "AssertionError: Failed to find story 'SERBIA-PROTESTS/' in history page.", "trace": "E   AssertionError: Locator expected to be visible\n    Actual value: <element(s) not found> \n    Call log:\n    LocatorAssertions.to_be_visible with timeout 5000ms\n      - waiting for locator(\"//div[@class=\\\"cell-text h4\\\" and text()=\\\"UKRAINE-CRISIS/BRITAIN-ARRIVALS\\\"]\")\n\nThe above exception was the direct cause of the following exception:\nE   AssertionError: Failed to find story 'SERBIA-PROTESTS/' in history page."}, "description": "\n    Tests the automatic file playout functionality.\n    Navigates to the admin playout page and selects 'fileplayout' and 'auto' options.\n    Verifies the addition of stories and checks logs.\n    Includes a negative scenario where it switches to 'manual' mode to ensure the automatic process is not active.\n    ", "attachments": [{"name": "log", "source": "0a82ddd3-c463-4560-ae6b-6efe47b0a375-attachment.txt", "type": "text/plain"}, {"name": "stderr", "source": "fb04b071-2531-4374-b20f-342c4d266cc6-attachment.txt", "type": "text/plain"}], "parameters": [{"name": "browser_name", "value": "'chromium'"}], "start": 1749481896705, "stop": 1749481959368, "uuid": "b966e8c2-2fa6-4ba0-af2d-d540e2578c44", "historyId": "3e70813435c75da9d5607c274fc0d000", "testCaseId": "ddb9b7e8ca80b0bbae397da8f3dfd804", "fullName": "tests.Automation_tests.test_history#test_playout_history", "labels": [{"name": "feature", "value": "History"}, {"name": "parentSuite", "value": "tests.Automation_tests"}, {"name": "suite", "value": "test_history"}, {"name": "host", "value": "TR-GKJF6LPM4P"}, {"name": "thread", "value": "62574-MainThread"}, {"name": "framework", "value": "pytest"}, {"name": "language", "value": "cpython3"}, {"name": "package", "value": "tests.Automation_tests.test_history"}]}