{"name": "test_PlayoutNowPage_Playout_Now_Button_On_LivePage[chromium]", "status": "failed", "statusDetails": {"message": "AssertionError: Failed to navigate to the admin playout page.\nassert 'http://10.99.13.11/missing' == 'http://10.18...admin/playout'\n  - http://10.99.13.11/admin/playout\n  ?                     --   ^^^^^^^^\n  + http://10.99.13.11/missing\n  ?                       +++ ^", "trace": "E   AssertionError: Failed to navigate to the admin playout page.\n    assert 'http://10.99.13.11/missing' == 'http://10.18...admin/playout'\n      - http://10.99.13.11/admin/playout\n      ?                     --   ^^^^^^^^\n      + http://10.99.13.11/missing\n      ?                       +++ ^"}, "parameters": [{"name": "browser_name", "value": "'chromium'"}], "start": 1755756525669, "stop": 1755756533624, "uuid": "58cc47b5-4375-4459-a538-9444ce03c9e4", "historyId": "1a4d29caba0232e4db87fae742d88998", "testCaseId": "7156066bde08955ee48b662aaca219a4", "fullName": "tests.Automation_tests.test_User_Interface#test_PlayoutNowPage_Playout_Now_Button_On_LivePage", "labels": [{"name": "feature", "value": "UserInterface"}, {"name": "parentSuite", "value": "tests.Automation_tests"}, {"name": "suite", "value": "test_User_Interface"}, {"name": "host", "value": "TR-GKJF6LPM4P"}, {"name": "thread", "value": "89714-MainThread"}, {"name": "framework", "value": "pytest"}, {"name": "language", "value": "cpython3"}, {"name": "package", "value": "tests.Automation_tests.test_User_Interface"}]}