{"name": "test_MyVideosPage_Print_My_Videos[chromium]", "status": "failed", "statusDetails": {"message": "AssertionError: Failed to navigate to the videos page.\nassert 'http://10.99.13.11/missing' == 'http://10.99.13.11/videos'\n  - http://10.99.13.11/videos\n  ?                     ^ ---\n  + http://10.99.13.11/missing\n  ?                     ^  ++++", "trace": "E   AssertionError: Failed to navigate to the videos page.\n    assert 'http://10.99.13.11/missing' == 'http://10.99.13.11/videos'\n      - http://10.99.13.11/videos\n      ?                     ^ ---\n      + http://10.99.13.11/missing\n      ?                     ^  ++++"}, "parameters": [{"name": "browser_name", "value": "'chromium'"}], "start": 1755756602527, "stop": 1755756624684, "uuid": "495f9f5e-e426-4522-8452-1157633ca677", "historyId": "16a357d054226ecdd0b82be177a758f2", "testCaseId": "fdd94f36e715a289ecbebc53e0717a5b", "fullName": "tests.Automation_tests.test_User_Interface#test_MyVideosPage_Print_My_Videos", "labels": [{"name": "feature", "value": "UserInterface"}, {"name": "parentSuite", "value": "tests.Automation_tests"}, {"name": "suite", "value": "test_User_Interface"}, {"name": "host", "value": "TR-GKJF6LPM4P"}, {"name": "thread", "value": "89714-MainThread"}, {"name": "framework", "value": "pytest"}, {"name": "language", "value": "cpython3"}, {"name": "package", "value": "tests.Automation_tests.test_User_Interface"}]}