INFO:root:
üì¶ File Distributor Logs (Source Box):
ERROR:paramiko.transport:Exception (client): Error reading SSH protocol banner
ERROR:paramiko.transport:Traceback (most recent call last):
ERROR:paramiko.transport:  File "/Users/s.chethana/PycharmProjects/wnec_backend-automation/.venv/lib/python3.11/site-packages/paramiko/transport.py", line 2328, in _check_banner
ERROR:paramiko.transport:    buf = self.packetizer.readline(timeout)
ERROR:paramiko.transport:          ^^^^^^^^^^^^^^^^^^^^^^^^^^^^^^^^^
ERROR:paramiko.transport:  File "/Users/s.chethana/PycharmProjects/wnec_backend-automation/.venv/lib/python3.11/site-packages/paramiko/packet.py", line 381, in readline
ERROR:paramiko.transport:    buf += self._read_timeout(timeout)
ERROR:paramiko.transport:           ^^^^^^^^^^^^^^^^^^^^^^^^^^^
ERROR:paramiko.transport:  File "/Users/s.chethana/PycharmProjects/wnec_backend-automation/.venv/lib/python3.11/site-packages/paramiko/packet.py", line 626, in _read_timeout
ERROR:paramiko.transport:    raise socket.timeout()
ERROR:paramiko.transport:TimeoutError
ERROR:paramiko.transport:
ERROR:paramiko.transport:During handling of the above exception, another exception occurred:
ERROR:paramiko.transport:
ERROR:paramiko.transport:Traceback (most recent call last):
ERROR:paramiko.transport:  File "/Users/s.chethana/PycharmProjects/wnec_backend-automation/.venv/lib/python3.11/site-packages/paramiko/transport.py", line 2144, in run
ERROR:paramiko.transport:    self._check_banner()
ERROR:paramiko.transport:  File "/Users/s.chethana/PycharmProjects/wnec_backend-automation/.venv/lib/python3.11/site-packages/paramiko/transport.py", line 2332, in _check_banner
ERROR:paramiko.transport:    raise SSHException(
ERROR:paramiko.transport:paramiko.ssh_exception.SSHException: Error reading SSH protocol banner
ERROR:paramiko.transport:
ERROR:root:‚ùå Error fetching source logs: Error reading SSH protocol banner
INFO:root:
üìÅ Files Present in Target Directory:
ERROR:paramiko.transport:Exception (client): Error reading SSH protocol banner
ERROR:paramiko.transport:Traceback (most recent call last):
ERROR:paramiko.transport:  File "/Users/s.chethana/PycharmProjects/wnec_backend-automation/.venv/lib/python3.11/site-packages/paramiko/transport.py", line 2328, in _check_banner
ERROR:paramiko.transport:    buf = self.packetizer.readline(timeout)
ERROR:paramiko.transport:          ^^^^^^^^^^^^^^^^^^^^^^^^^^^^^^^^^
ERROR:paramiko.transport:  File "/Users/s.chethana/PycharmProjects/wnec_backend-automation/.venv/lib/python3.11/site-packages/paramiko/packet.py", line 381, in readline
ERROR:paramiko.transport:    buf += self._read_timeout(timeout)
ERROR:paramiko.transport:           ^^^^^^^^^^^^^^^^^^^^^^^^^^^
ERROR:paramiko.transport:  File "/Users/s.chethana/PycharmProjects/wnec_backend-automation/.venv/lib/python3.11/site-packages/paramiko/packet.py", line 626, in _read_timeout
ERROR:paramiko.transport:    raise socket.timeout()
ERROR:paramiko.transport:TimeoutError
ERROR:paramiko.transport:
ERROR:paramiko.transport:During handling of the above exception, another exception occurred:
ERROR:paramiko.transport:
ERROR:paramiko.transport:Traceback (most recent call last):
ERROR:paramiko.transport:  File "/Users/s.chethana/PycharmProjects/wnec_backend-automation/.venv/lib/python3.11/site-packages/paramiko/transport.py", line 2144, in run
ERROR:paramiko.transport:    self._check_banner()
ERROR:paramiko.transport:  File "/Users/s.chethana/PycharmProjects/wnec_backend-automation/.venv/lib/python3.11/site-packages/paramiko/transport.py", line 2332, in _check_banner
ERROR:paramiko.transport:    raise SSHException(
ERROR:paramiko.transport:paramiko.ssh_exception.SSHException: Error reading SSH protocol banner
ERROR:paramiko.transport:
ERROR:root:‚ùå Error listing target directory files: Error reading SSH protocol banner
