{"name": "test_create_with_empty_name_and_different_characters[chromium]", "status": "failed", "statusDetails": {"message": "AssertionError", "trace": "E   AssertionError"}, "attachments": [{"name": "log", "source": "79b006cc-07f6-4165-b7c8-cd198b9c2ca6-attachment.txt", "type": "text/plain"}, {"name": "stdout", "source": "bbfb35eb-55c0-4cc8-ba5c-216383c47834-attachment.txt", "type": "text/plain"}, {"name": "stderr", "source": "9e45769b-aa45-44cf-a946-11581adc4936-attachment.txt", "type": "text/plain"}], "parameters": [{"name": "browser_name", "value": "'chromium'"}], "start": 1754040826966, "stop": 1754040848790, "uuid": "00e59b67-a27f-4fda-b35b-18f55855148a", "historyId": "db0e757c67703bf1ab051dea8fa19a58", "testCaseId": "0645bfb397b7a14bf6ec88133573776d", "fullName": "tests.Automation_tests.test_FD#test_create_with_empty_name_and_different_characters", "labels": [{"name": "feature", "value": "FD"}, {"name": "parentSuite", "value": "tests.Automation_tests"}, {"name": "suite", "value": "test_FD"}, {"name": "host", "value": "TR-GKJF6LPM4P"}, {"name": "thread", "value": "36532-MainThread"}, {"name": "framework", "value": "pytest"}, {"name": "language", "value": "cpython3"}, {"name": "package", "value": "tests.Automation_tests.test_FD"}]}