{"name": "test_AdminSettingsPage_FileProcessor[chromium]", "status": "failed", "statusDetails": {"message": "AssertionError: Failed to set Customer Name.\nassert 'GDANSK-V7-TESTBED-06' == 'Test Customer'\n  - Test Customer\n  + GDANSK-V7-TESTBED-06", "trace": "E   AssertionError: Failed to set Customer Name.\n    assert 'GDANSK-V7-TESTBED-06' == 'Test Customer'\n      - Test Customer\n      + GDANSK-V7-TESTBED-06"}, "attachments": [{"name": "stdout", "source": "b1b01341-d2ed-470b-8e45-8505d27617fc-attachment.txt", "type": "text/plain"}], "parameters": [{"name": "browser_name", "value": "'chromium'"}], "start": 1752333836221, "stop": 1752333849630, "uuid": "eab0b413-f229-4add-b1b8-14617bb45437", "historyId": "504d7032746b77747b58b1fcfb4c15a2", "testCaseId": "4a44806eece48f5f465757a8680d9244", "fullName": "tests.Automation_tests.test_User_Interface#test_AdminSettingsPage_FileProcessor", "labels": [{"name": "parentSuite", "value": "tests.Automation_tests"}, {"name": "suite", "value": "test_User_Interface"}, {"name": "host", "value": "TR-GKJF6LPM4P"}, {"name": "thread", "value": "4102-MainThread"}, {"name": "framework", "value": "pytest"}, {"name": "language", "value": "cpython3"}, {"name": "package", "value": "tests.Automation_tests.test_User_Interface"}]}