{"name": "test_create_with_empty_name_and_different_characters[chromium]", "status": "failed", "statusDetails": {"message": "AssertionError", "trace": "E   AssertionError"}, "attachments": [{"name": "log", "source": "aaef374d-38e4-4dc0-9b25-bb7ba0662a8f-attachment.txt", "type": "text/plain"}, {"name": "stderr", "source": "fd2ec094-2fa6-424b-9268-23cdffb31cdd-attachment.txt", "type": "text/plain"}], "parameters": [{"name": "browser_name", "value": "'chromium'"}], "start": 1749549441595, "stop": 1749549501393, "uuid": "46496f22-0554-4ae6-a7e2-5e73c94e3b4d", "historyId": "db0e757c67703bf1ab051dea8fa19a58", "testCaseId": "0645bfb397b7a14bf6ec88133573776d", "fullName": "tests.Automation_tests.test_FD#test_create_with_empty_name_and_different_characters", "labels": [{"name": "feature", "value": "FD"}, {"name": "parentSuite", "value": "tests.Automation_tests"}, {"name": "suite", "value": "test_FD"}, {"name": "host", "value": "TR-GKJF6LPM4P"}, {"name": "thread", "value": "33484-MainThread"}, {"name": "framework", "value": "pytest"}, {"name": "language", "value": "cpython3"}, {"name": "package", "value": "tests.Automation_tests.test_FD"}]}