{"name": "test_create_with_empty_name_and_different_characters[chromium]", "status": "failed", "statusDetails": {"message": "AssertionError", "trace": "E   AssertionError"}, "attachments": [{"name": "log", "source": "90391e14-0c5f-4830-b007-25e0e0511ae5-attachment.txt", "type": "text/plain"}, {"name": "stderr", "source": "4eb5fa86-f6cc-4a21-8c98-1ff6b89c2201-attachment.txt", "type": "text/plain"}], "parameters": [{"name": "browser_name", "value": "'chromium'"}], "start": 1758707701310, "stop": 1758707750688, "uuid": "4739f937-edb5-42a0-bc0d-f8dc960b6559", "historyId": "776b4f8c05a86b5744fbc0555bf71280", "testCaseId": "200cb05633babf763f833311b8b6258d", "fullName": "tests.Automation_tests.test_VFD#test_create_with_empty_name_and_different_characters", "labels": [{"name": "feature", "value": "FD"}, {"name": "parentSuite", "value": "tests.Automation_tests"}, {"name": "suite", "value": "test_VFD"}, {"name": "host", "value": "TR-GKJF6LPM4P"}, {"name": "thread", "value": "49224-MainThread"}, {"name": "framework", "value": "pytest"}, {"name": "language", "value": "cpython3"}, {"name": "package", "value": "tests.Automation_tests.test_VFD"}]}