{"name": "test_playout_now_button_on_live_page[chromium]", "status": "failed", "statusDetails": {"message": "AssertionError: Failed to navigate to the admin playout page.\nassert 'http://10.99.13.11/missing' == 'http://10.18...admin/playout'\n  - http://10.99.13.11/admin/playout\n  ?                     --   ^^^^^^^^\n  + http://10.99.13.11/missing\n  ?                       +++ ^", "trace": "E   AssertionError: Failed to navigate to the admin playout page.\n    assert 'http://10.99.13.11/missing' == 'http://10.18...admin/playout'\n      - http://10.99.13.11/admin/playout\n      ?                     --   ^^^^^^^^\n      + http://10.99.13.11/missing\n      ?                       +++ ^"}, "attachments": [{"name": "stdout", "source": "3e3bb822-156d-404b-9f14-e696cb8e4ba7-attachment.txt", "type": "text/plain"}], "parameters": [{"name": "browser_name", "value": "'chromium'"}], "start": 1752061119140, "stop": 1752061130367, "uuid": "11891c88-8279-4d2a-8fc2-4c29177e31fc", "historyId": "835ad192c27772b8667ec6d4793e1495", "testCaseId": "fdd173b25ba4b1912a055e390152f9b1", "fullName": "tests.Automation_tests.test_User_Interface#test_playout_now_button_on_live_page", "labels": [{"name": "feature", "value": "UserInterface"}, {"name": "parentSuite", "value": "tests.Automation_tests"}, {"name": "suite", "value": "test_User_Interface"}, {"name": "host", "value": "TR-GKJF6LPM4P"}, {"name": "thread", "value": "57918-MainThread"}, {"name": "framework", "value": "pytest"}, {"name": "language", "value": "cpython3"}, {"name": "package", "value": "tests.Automation_tests.test_User_Interface"}]}