{"name": "test_create_with_empty_name_and_different_characters[chromium]", "status": "failed", "statusDetails": {"message": "AssertionError", "trace": "E   AssertionError"}, "attachments": [{"name": "log", "source": "02469b30-014f-4df2-ba1b-c851c2d49bbd-attachment.txt", "type": "text/plain"}, {"name": "stderr", "source": "a0d196b0-52a2-49d7-818b-73fa2758a3c5-attachment.txt", "type": "text/plain"}], "parameters": [{"name": "browser_name", "value": "'chromium'"}], "start": 1749465164956, "stop": 1749465225431, "uuid": "8c7e351b-f5f4-4ac9-806b-4f214ecabd4f", "historyId": "17911b9d71fd87bcee73807d9bf7c988", "testCaseId": "8b13c9046f73bbf9bd64ca30aef97837", "fullName": "tests.Automation_tests.tests_FD#test_create_with_empty_name_and_different_characters", "labels": [{"name": "feature", "value": "FD"}, {"name": "parentSuite", "value": "tests.Automation_tests"}, {"name": "suite", "value": "tests_FD"}, {"name": "host", "value": "TR-GKJF6LPM4P"}, {"name": "thread", "value": "38988-MainThread"}, {"name": "framework", "value": "pytest"}, {"name": "language", "value": "cpython3"}, {"name": "package", "value": "tests.Automation_tests.tests_FD"}]}