{"name": "test_create_with_empty_name_and_different_characters[chromium]", "status": "failed", "statusDetails": {"message": "AssertionError", "trace": "E   AssertionError"}, "attachments": [{"name": "log", "source": "e3a69a72-a73e-4809-baf2-018df6a74c40-attachment.txt", "type": "text/plain"}, {"name": "stderr", "source": "52c9460c-2e28-474d-8355-e79c15d37e4f-attachment.txt", "type": "text/plain"}], "parameters": [{"name": "browser_name", "value": "'chromium'"}], "start": 1749468000323, "stop": 1749468191119, "uuid": "e17f1b07-48ce-4a3a-b54d-449b9bc4ee60", "historyId": "db0e757c67703bf1ab051dea8fa19a58", "testCaseId": "0645bfb397b7a14bf6ec88133573776d", "fullName": "tests.Automation_tests.test_FD#test_create_with_empty_name_and_different_characters", "labels": [{"name": "feature", "value": "FD"}, {"name": "parentSuite", "value": "tests.Automation_tests"}, {"name": "suite", "value": "test_FD"}, {"name": "host", "value": "TR-GKJF6LPM4P"}, {"name": "thread", "value": "47310-MainThread"}, {"name": "framework", "value": "pytest"}, {"name": "language", "value": "cpython3"}, {"name": "package", "value": "tests.Automation_tests.test_FD"}]}